<?xml version="1.0" encoding="UTF-8"?>
<testng-results ignored="0" total="1" passed="1" failed="0" skipped="0">
  <reporter-output>
  </reporter-output>
  <suite started-at="2024-04-09T20:00:15 IST" name="Default suite" finished-at="2024-04-09T20:00:16 IST" duration-ms="228">
    <groups>
    </groups>
    <test started-at="2024-04-09T20:00:15 IST" name="Default test" finished-at="2024-04-09T20:00:16 IST" duration-ms="228">
      <class name="javaStream.StreamDemo">
        <test-method signature="streamCollect()[pri:0, instance:javaStream.StreamDemo@6e0f5f7f]" started-at="2024-04-09T20:00:16 IST" name="streamCollect" finished-at="2024-04-09T20:00:16 IST" duration-ms="55" status="PASS">
          <reporter-output>
          </reporter-output>
        </test-method> <!-- streamCollect -->
      </class> <!-- javaStream.StreamDemo -->
    </test> <!-- Default test -->
  </suite> <!-- Default suite -->
</testng-results>
